<?xml version="1.0" encoding="UTF-8"?>
<!-- Generated by org.testng.reporters.JUnitReportReporter -->
<testsuite hostname="JOSEPHBESKI" failures="0" tests="2" name="Campaign.CreateCampaignTest" time="19.424" errors="0" timestamp="2024-12-26T19:18:52 IST" skipped="0">
  <testcase classname="Campaign.CreateCampaignTest" name="createCampaignTest" time="13.138"/>
  <testcase classname="Campaign.CreateCampaignTest" name="m2" time="6.286"/>
</testsuite> <!-- Campaign.CreateCampaignTest -->
